Start testing: Nov 13 16:43 JST
----------------------------------------------------------
1/5 Testing: easyfind_test.findTarget_vector
1/5 Test: easyfind_test.findTarget_vector
Command: "/Users/tterao/Documents/cursus/cpp08/ex00/test/build/mytest" "--gtest_filter=easyfind_test.findTarget_vector" "--gtest_also_run_disabled_tests"
Directory: /Users/tterao/Documents/cursus/cpp08/ex00/test/build
"easyfind_test.findTarget_vector" start time: Nov 13 16:43 JST
Output:
----------------------------------------------------------
Running main() from /Users/tterao/Documents/cursus/cpp08/ex00/test/build/_deps/googletest-src/googletest/src/gtest_main.cc
Note: Google Test filter = easyfind_test.findTarget_vector
[==========] Running 1 test from 1 test suite.
[----------] Global test environment set-up.
[----------] 1 test from easyfind_test
[ RUN      ] easyfind_test.findTarget_vector
[       OK ] easyfind_test.findTarget_vector (0 ms)
[----------] 1 test from easyfind_test (0 ms total)

[----------] Global test environment tear-down
[==========] 1 test from 1 test suite ran. (0 ms total)
[  PASSED  ] 1 test.
<end of output>
Test time =   0.01 sec
----------------------------------------------------------
Test Passed.
"easyfind_test.findTarget_vector" end time: Nov 13 16:43 JST
"easyfind_test.findTarget_vector" time elapsed: 00:00:00
----------------------------------------------------------

2/5 Testing: easyfind_test.findTarget_deque
2/5 Test: easyfind_test.findTarget_deque
Command: "/Users/tterao/Documents/cursus/cpp08/ex00/test/build/mytest" "--gtest_filter=easyfind_test.findTarget_deque" "--gtest_also_run_disabled_tests"
Directory: /Users/tterao/Documents/cursus/cpp08/ex00/test/build
"easyfind_test.findTarget_deque" start time: Nov 13 16:43 JST
Output:
----------------------------------------------------------
Running main() from /Users/tterao/Documents/cursus/cpp08/ex00/test/build/_deps/googletest-src/googletest/src/gtest_main.cc
Note: Google Test filter = easyfind_test.findTarget_deque
[==========] Running 1 test from 1 test suite.
[----------] Global test environment set-up.
[----------] 1 test from easyfind_test
[ RUN      ] easyfind_test.findTarget_deque
[       OK ] easyfind_test.findTarget_deque (0 ms)
[----------] 1 test from easyfind_test (0 ms total)

[----------] Global test environment tear-down
[==========] 1 test from 1 test suite ran. (0 ms total)
[  PASSED  ] 1 test.
<end of output>
Test time =   0.00 sec
----------------------------------------------------------
Test Passed.
"easyfind_test.findTarget_deque" end time: Nov 13 16:43 JST
"easyfind_test.findTarget_deque" time elapsed: 00:00:00
----------------------------------------------------------

3/5 Testing: easyfind_test.findTarget_list
3/5 Test: easyfind_test.findTarget_list
Command: "/Users/tterao/Documents/cursus/cpp08/ex00/test/build/mytest" "--gtest_filter=easyfind_test.findTarget_list" "--gtest_also_run_disabled_tests"
Directory: /Users/tterao/Documents/cursus/cpp08/ex00/test/build
"easyfind_test.findTarget_list" start time: Nov 13 16:43 JST
Output:
----------------------------------------------------------
Running main() from /Users/tterao/Documents/cursus/cpp08/ex00/test/build/_deps/googletest-src/googletest/src/gtest_main.cc
Note: Google Test filter = easyfind_test.findTarget_list
[==========] Running 1 test from 1 test suite.
[----------] Global test environment set-up.
[----------] 1 test from easyfind_test
[ RUN      ] easyfind_test.findTarget_list
[       OK ] easyfind_test.findTarget_list (0 ms)
[----------] 1 test from easyfind_test (0 ms total)

[----------] Global test environment tear-down
[==========] 1 test from 1 test suite ran. (0 ms total)
[  PASSED  ] 1 test.
<end of output>
Test time =   0.00 sec
----------------------------------------------------------
Test Passed.
"easyfind_test.findTarget_list" end time: Nov 13 16:43 JST
"easyfind_test.findTarget_list" time elapsed: 00:00:00
----------------------------------------------------------

4/5 Testing: easyfind_test.findTarget_set
4/5 Test: easyfind_test.findTarget_set
Command: "/Users/tterao/Documents/cursus/cpp08/ex00/test/build/mytest" "--gtest_filter=easyfind_test.findTarget_set" "--gtest_also_run_disabled_tests"
Directory: /Users/tterao/Documents/cursus/cpp08/ex00/test/build
"easyfind_test.findTarget_set" start time: Nov 13 16:43 JST
Output:
----------------------------------------------------------
Running main() from /Users/tterao/Documents/cursus/cpp08/ex00/test/build/_deps/googletest-src/googletest/src/gtest_main.cc
Note: Google Test filter = easyfind_test.findTarget_set
[==========] Running 1 test from 1 test suite.
[----------] Global test environment set-up.
[----------] 1 test from easyfind_test
[ RUN      ] easyfind_test.findTarget_set
[       OK ] easyfind_test.findTarget_set (0 ms)
[----------] 1 test from easyfind_test (0 ms total)

[----------] Global test environment tear-down
[==========] 1 test from 1 test suite ran. (0 ms total)
[  PASSED  ] 1 test.
<end of output>
Test time =   0.00 sec
----------------------------------------------------------
Test Passed.
"easyfind_test.findTarget_set" end time: Nov 13 16:43 JST
"easyfind_test.findTarget_set" time elapsed: 00:00:00
----------------------------------------------------------

5/5 Testing: easyfind_test.throwException
5/5 Test: easyfind_test.throwException
Command: "/Users/tterao/Documents/cursus/cpp08/ex00/test/build/mytest" "--gtest_filter=easyfind_test.throwException" "--gtest_also_run_disabled_tests"
Directory: /Users/tterao/Documents/cursus/cpp08/ex00/test/build
"easyfind_test.throwException" start time: Nov 13 16:43 JST
Output:
----------------------------------------------------------
Running main() from /Users/tterao/Documents/cursus/cpp08/ex00/test/build/_deps/googletest-src/googletest/src/gtest_main.cc
Note: Google Test filter = easyfind_test.throwException
[==========] Running 1 test from 1 test suite.
[----------] Global test environment set-up.
[----------] 1 test from easyfind_test
[ RUN      ] easyfind_test.throwException
[       OK ] easyfind_test.throwException (0 ms)
[----------] 1 test from easyfind_test (0 ms total)

[----------] Global test environment tear-down
[==========] 1 test from 1 test suite ran. (0 ms total)
[  PASSED  ] 1 test.
<end of output>
Test time =   0.00 sec
----------------------------------------------------------
Test Passed.
"easyfind_test.throwException" end time: Nov 13 16:43 JST
"easyfind_test.throwException" time elapsed: 00:00:00
----------------------------------------------------------

End testing: Nov 13 16:43 JST
